<?xml version="1.0" encoding="UTF-8"?>
<!-- Generated by org.testng.reporters.JUnitXMLReporter -->
<testsuite hostname="JJAGADEE-IN" name="Test-class test 1" tests="1" failures="0" timestamp="25 Feb 2017 05:18:53 GMT" time="0.021" errors="0">
  <testcase name="testMethodOne" time="0.0" classname="com.parallel.suite.ParallelSuiteTest"/>
</testsuite> <!-- Test-class test 1 -->
