<?xml version="1.0" encoding="UTF-8"?>
<!-- Generated by org.testng.reporters.JUnitReportReporter -->
<testsuite hostname="JJAGADEE-IN" name="com.parallel.suite.ParallelSuiteTest" tests="2" failures="0" timestamp="25 Feb 2017 05:18:53 GMT" time="0.000" errors="0">
  <testcase name="testMethodOne" time="0.000" classname="com.parallel.suite.ParallelSuiteTest"/>
  <testcase name="testMethodOne" time="0.000" classname="com.parallel.suite.ParallelSuiteTest"/>
</testsuite> <!-- com.parallel.suite.ParallelSuiteTest -->
