<?xml version="1.0" encoding="UTF-8"?>
<!-- Generated by org.testng.reporters.JUnitReportReporter -->
<testsuite hostname="JJAGADEE-IN" name="com.example.selenium.grid.SeleniumGridIE" tests="2" failures="0" timestamp="25 Feb 2017 16:10:37 GMT" time="15.824" errors="0">
  <testcase name="testLogin" time="9.093" classname="com.example.selenium.grid.SeleniumGridIE"/>
  <testcase name="testLogin" time="6.731" classname="com.example.selenium.grid.SeleniumGridIE"/>
</testsuite> <!-- com.example.selenium.grid.SeleniumGridIE -->
