<?xml version="1.0" encoding="UTF-8"?>
<!-- Generated by org.testng.reporters.JUnitReportReporter -->
<testsuite hostname="JJAGADEE-IN" name="com.example.selenium.grid.SeleniumGridFireFox" tests="2" failures="0" timestamp="25 Feb 2017 16:10:37 GMT" time="6.361" errors="0">
  <testcase name="testLogin" time="5.263" classname="com.example.selenium.grid.SeleniumGridFireFox"/>
  <testcase name="testLogin" time="1.098" classname="com.example.selenium.grid.SeleniumGridFireFox"/>
</testsuite> <!-- com.example.selenium.grid.SeleniumGridFireFox -->
