<?xml version="1.0" encoding="UTF-8"?>
<!-- Generated by org.testng.reporters.JUnitReportReporter -->
<testsuite hostname="JJAGADEE-IN" name="com.example.selenium.grid.SeleniumGridChrome" tests="2" failures="0" timestamp="25 Feb 2017 16:10:37 GMT" time="5.971" errors="0">
  <testcase name="testLogin" time="5.236" classname="com.example.selenium.grid.SeleniumGridChrome"/>
  <testcase name="testLogin" time="0.735" classname="com.example.selenium.grid.SeleniumGridChrome"/>
</testsuite> <!-- com.example.selenium.grid.SeleniumGridChrome -->
